c:\users\michael\source\repos\eldending\eldending\x64\release\qrc_eldending.obj
c:\users\michael\source\repos\eldending\eldending\x64\release\proxymodel.obj
c:\users\michael\source\repos\eldending\eldending\x64\release\itemtablemodel.obj
c:\users\michael\source\repos\eldending\eldending\x64\release\eldending.obj
c:\users\michael\source\repos\eldending\eldending\x64\release\main.obj
c:\users\michael\source\repos\eldending\eldending\x64\release\moc_proxymodel.obj
c:\users\michael\source\repos\eldending\eldending\x64\release\moc_eldending.obj
c:\users\michael\source\repos\eldending\eldending\x64\release\moc_itemtablemodel.obj
c:\users\michael\source\repos\eldending\eldending\x64\release\uic\ui_eldending.h
c:\users\michael\source\repos\eldending\eldending\x64\release\rcc\qrc_eldending.cpp
c:\users\michael\source\repos\eldending\eldending\x64\release\moc\moc_eldending.cpp
c:\users\michael\source\repos\eldending\eldending\x64\release\moc\moc_proxymodel.cpp
c:\users\michael\source\repos\eldending\eldending\x64\release\moc\moc_itemtablemodel.cpp
c:\users\michael\source\repos\eldending\x64\release\eldending.exe
c:\users\michael\source\repos\eldending\eldending\x64\release\eldending.res
c:\users\michael\source\repos\eldending\eldending\x64\release\eldending.tlog\cl.command.1.tlog
c:\users\michael\source\repos\eldending\eldending\x64\release\eldending.tlog\cl.read.1.tlog
c:\users\michael\source\repos\eldending\eldending\x64\release\eldending.tlog\cl.write.1.tlog
c:\users\michael\source\repos\eldending\eldending\x64\release\eldending.tlog\eldending.write.1u.tlog
c:\users\michael\source\repos\eldending\eldending\x64\release\eldending.tlog\link.command.1.tlog
c:\users\michael\source\repos\eldending\eldending\x64\release\eldending.tlog\link.read.1.tlog
c:\users\michael\source\repos\eldending\eldending\x64\release\eldending.tlog\link.write.1.tlog
c:\users\michael\source\repos\eldending\eldending\x64\release\eldending.tlog\moc.read.1u.tlog
c:\users\michael\source\repos\eldending\eldending\x64\release\eldending.tlog\moc.write.1u.tlog
c:\users\michael\source\repos\eldending\eldending\x64\release\eldending.tlog\rc.command.1.tlog
c:\users\michael\source\repos\eldending\eldending\x64\release\eldending.tlog\rc.read.1.tlog
c:\users\michael\source\repos\eldending\eldending\x64\release\eldending.tlog\rc.write.1.tlog
c:\users\michael\source\repos\eldending\eldending\x64\release\eldending.tlog\rcc.read.1u.tlog
c:\users\michael\source\repos\eldending\eldending\x64\release\eldending.tlog\rcc.write.1u.tlog
c:\users\michael\source\repos\eldending\eldending\x64\release\eldending.tlog\uic.read.1u.tlog
c:\users\michael\source\repos\eldending\eldending\x64\release\eldending.tlog\uic.write.1u.tlog
